8/23/2020 4:57:04 PM	This log contains information about the import schema operation into project 'PetSoreApp.Data' on computer 'LEN-WIN10' by user 'koand'.
8/23/2020 4:57:05 PM	Import of database schema has started.
8/23/2020 4:57:10 PM	Gathering database credentials
8/23/2020 4:57:10 PM	Gathering database options
8/23/2020 4:57:10 PM	Gathering users
8/23/2020 4:57:10 PM	Gathering roles
8/23/2020 4:57:10 PM	Gathering application roles
8/23/2020 4:57:10 PM	Gathering role memberships
8/23/2020 4:57:10 PM	Gathering filegroups
8/23/2020 4:57:10 PM	Gathering full-text catalogs
8/23/2020 4:57:10 PM	Gathering assemblies
8/23/2020 4:57:10 PM	Gathering certificates
8/23/2020 4:57:10 PM	Gathering asymmetric keys
8/23/2020 4:57:10 PM	Gathering symmetric keys
8/23/2020 4:57:10 PM	Gathering encrypted symmetric keys
8/23/2020 4:57:10 PM	Gathering schemas
8/23/2020 4:57:10 PM	Gathering XML schema collections
8/23/2020 4:57:10 PM	Gathering user-defined data types
8/23/2020 4:57:10 PM	Gathering user-defined types
8/23/2020 4:57:10 PM	Gathering table types
8/23/2020 4:57:10 PM	Gathering unique keys for table types
8/23/2020 4:57:10 PM	Gathering primary keys for table types
8/23/2020 4:57:10 PM	Gathering indexes for table types
8/23/2020 4:57:10 PM	Gathering check constraints for table types
8/23/2020 4:57:10 PM	Gathering default constraints for table types
8/23/2020 4:57:10 PM	Gathering partition functions
8/23/2020 4:57:10 PM	Gathering partition schemes
8/23/2020 4:57:11 PM	Gathering functions
8/23/2020 4:57:11 PM	Gathering encrypted functions
8/23/2020 4:57:11 PM	Gathering aggregates
8/23/2020 4:57:11 PM	Gathering procedures
8/23/2020 4:57:11 PM	Gathering encrypted procedures
8/23/2020 4:57:11 PM	Gathering tables
8/23/2020 4:57:11 PM	Gathering primary keys
8/23/2020 4:57:11 PM	Gathering unique constraints
8/23/2020 4:57:11 PM	Gathering foreign keys
8/23/2020 4:57:11 PM	Gathering default constraints
8/23/2020 4:57:11 PM	Gathering check constraints
8/23/2020 4:57:11 PM	Gathering views
8/23/2020 4:57:11 PM	Gathering encrypted views
8/23/2020 4:57:11 PM	Gathering indexes
8/23/2020 4:57:11 PM	Gathering statistics
8/23/2020 4:57:11 PM	Gathering full-text index stoplists
8/23/2020 4:57:11 PM	Gathering search property lists
8/23/2020 4:57:11 PM	Gathering search properties
8/23/2020 4:57:11 PM	Gathering full-text indexes
8/23/2020 4:57:11 PM	Gathering column store indexes
8/23/2020 4:57:11 PM	Gathering spatial indexes
8/23/2020 4:57:11 PM	Gathering XML indexes
8/23/2020 4:57:11 PM	Gathering Selective XML indexes
8/23/2020 4:57:11 PM	Gathering encrypted triggers
8/23/2020 4:57:11 PM	Gathering triggers
8/23/2020 4:57:11 PM	Gathering encrypted and clr ddl triggers
8/23/2020 4:57:11 PM	Gathering ddl triggers
8/23/2020 4:57:11 PM	Gathering synonyms
8/23/2020 4:57:11 PM	Gathering defaults
8/23/2020 4:57:11 PM	Gathering data constraint uddt bindings
8/23/2020 4:57:11 PM	Gathering rules
8/23/2020 4:57:11 PM	Gathering data constraint uddt bindings
8/23/2020 4:57:11 PM	Gathering message types
8/23/2020 4:57:11 PM	Gathering queues
8/23/2020 4:57:11 PM	Gathering contracts
8/23/2020 4:57:11 PM	Gathering services
8/23/2020 4:57:11 PM	Gathering event notifications
8/23/2020 4:57:11 PM	Gathering remote service bindings
8/23/2020 4:57:11 PM	Gathering broker priorities
8/23/2020 4:57:11 PM	Gathering signatures
8/23/2020 4:57:11 PM	Gathering data compression options
8/23/2020 4:57:11 PM	Gathering sequence types
8/23/2020 4:57:11 PM	Gathering security policies
8/23/2020 4:57:11 PM	Gather column encryption keys
8/23/2020 4:57:11 PM	Gathering column master keys
8/23/2020 4:57:11 PM	Gathering external data sources
8/23/2020 4:57:11 PM	Gathering external file formats
8/23/2020 4:57:11 PM	Gathering external tables
8/23/2020 4:57:11 PM	Gathering extended properties
8/23/2020 4:57:11 PM	Gathering credentials
8/23/2020 4:57:11 PM	Gathering logins
8/23/2020 4:57:11 PM	Gathering server audits
8/23/2020 4:57:11 PM	Scanning project for duplicate elements
8/23/2020 4:57:11 PM	Finished duplicate element processing
8/23/2020 4:57:12 PM	Finished importing database.
8/23/2020 4:57:12 PM	A summary of the import was saved to the following location: C:\Users\koand\source\repos\PetSoreApp\PetSoreApp.Data\Import Schema Logs\PetSoreApp.Data_20200823095704.log
8/23/2020 4:57:12 PM	Click Finish to continue...
