8/15/2020 8:16:58 AM	This log contains information about the import schema operation into project 'petstore.data' on computer 'LEN-WIN10' by user 'koand'.
8/15/2020 8:16:59 AM	Import of database schema has started.
8/15/2020 8:17:05 AM	Gathering database credentials
8/15/2020 8:17:05 AM	Gathering database options
8/15/2020 8:17:05 AM	Gathering users
8/15/2020 8:17:05 AM	Gathering roles
8/15/2020 8:17:05 AM	Gathering application roles
8/15/2020 8:17:05 AM	Gathering role memberships
8/15/2020 8:17:05 AM	Gathering filegroups
8/15/2020 8:17:05 AM	Gathering full-text catalogs
8/15/2020 8:17:05 AM	Gathering assemblies
8/15/2020 8:17:05 AM	Gathering certificates
8/15/2020 8:17:05 AM	Gathering asymmetric keys
8/15/2020 8:17:05 AM	Gathering symmetric keys
8/15/2020 8:17:05 AM	Gathering encrypted symmetric keys
8/15/2020 8:17:05 AM	Gathering schemas
8/15/2020 8:17:05 AM	Gathering XML schema collections
8/15/2020 8:17:05 AM	Gathering user-defined data types
8/15/2020 8:17:05 AM	Gathering user-defined types
8/15/2020 8:17:05 AM	Gathering table types
8/15/2020 8:17:05 AM	Gathering unique keys for table types
8/15/2020 8:17:05 AM	Gathering primary keys for table types
8/15/2020 8:17:05 AM	Gathering indexes for table types
8/15/2020 8:17:05 AM	Gathering check constraints for table types
8/15/2020 8:17:05 AM	Gathering default constraints for table types
8/15/2020 8:17:05 AM	Gathering partition functions
8/15/2020 8:17:05 AM	Gathering partition schemes
8/15/2020 8:17:06 AM	Gathering functions
8/15/2020 8:17:06 AM	Gathering encrypted functions
8/15/2020 8:17:06 AM	Gathering aggregates
8/15/2020 8:17:06 AM	Gathering procedures
8/15/2020 8:17:06 AM	Gathering encrypted procedures
8/15/2020 8:17:06 AM	Gathering tables
8/15/2020 8:17:06 AM	Gathering primary keys
8/15/2020 8:17:06 AM	Gathering unique constraints
8/15/2020 8:17:06 AM	Gathering foreign keys
8/15/2020 8:17:06 AM	Gathering default constraints
8/15/2020 8:17:06 AM	Gathering check constraints
8/15/2020 8:17:06 AM	Gathering views
8/15/2020 8:17:06 AM	Gathering encrypted views
8/15/2020 8:17:06 AM	Gathering indexes
8/15/2020 8:17:06 AM	Gathering statistics
8/15/2020 8:17:06 AM	Gathering full-text index stoplists
8/15/2020 8:17:06 AM	Gathering search property lists
8/15/2020 8:17:06 AM	Gathering search properties
8/15/2020 8:17:06 AM	Gathering full-text indexes
8/15/2020 8:17:06 AM	Gathering column store indexes
8/15/2020 8:17:06 AM	Gathering spatial indexes
8/15/2020 8:17:06 AM	Gathering XML indexes
8/15/2020 8:17:06 AM	Gathering Selective XML indexes
8/15/2020 8:17:06 AM	Gathering encrypted triggers
8/15/2020 8:17:06 AM	Gathering triggers
8/15/2020 8:17:06 AM	Gathering encrypted and clr ddl triggers
8/15/2020 8:17:06 AM	Gathering ddl triggers
8/15/2020 8:17:06 AM	Gathering synonyms
8/15/2020 8:17:06 AM	Gathering defaults
8/15/2020 8:17:06 AM	Gathering data constraint uddt bindings
8/15/2020 8:17:06 AM	Gathering rules
8/15/2020 8:17:06 AM	Gathering data constraint uddt bindings
8/15/2020 8:17:06 AM	Gathering message types
8/15/2020 8:17:06 AM	Gathering queues
8/15/2020 8:17:06 AM	Gathering contracts
8/15/2020 8:17:06 AM	Gathering services
8/15/2020 8:17:06 AM	Gathering event notifications
8/15/2020 8:17:06 AM	Gathering remote service bindings
8/15/2020 8:17:06 AM	Gathering broker priorities
8/15/2020 8:17:06 AM	Gathering signatures
8/15/2020 8:17:06 AM	Gathering data compression options
8/15/2020 8:17:06 AM	Gathering sequence types
8/15/2020 8:17:06 AM	Gathering security policies
8/15/2020 8:17:06 AM	Gather column encryption keys
8/15/2020 8:17:06 AM	Gathering column master keys
8/15/2020 8:17:06 AM	Gathering external data sources
8/15/2020 8:17:06 AM	Gathering external file formats
8/15/2020 8:17:06 AM	Gathering external tables
8/15/2020 8:17:06 AM	Gathering extended properties
8/15/2020 8:17:07 AM	Gathering credentials
8/15/2020 8:17:07 AM	Gathering logins
8/15/2020 8:17:07 AM	Gathering server audits
8/15/2020 8:17:07 AM	Scanning project for duplicate elements
8/15/2020 8:17:07 AM	Finished duplicate element processing
8/15/2020 8:17:08 AM	Finished importing database.
8/15/2020 8:17:08 AM	A summary of the import was saved to the following location: C:\Users\koand\source\repos\PetSoreApp\petstore.data\Import Schema Logs\petstore.data_20200815011658.log
8/15/2020 8:17:08 AM	Click Finish to continue...
